<?xml version="1.0" encoding="UTF-8"?>
<!-- Generated by org.testng.reporters.JUnitReportReporter -->
<testsuite hostname="DESKTOP-81PUDA5" failures="0" tests="1" name="TestNG.Annotations" time="0.014" errors="0" timestamp="2022-09-14T15:09:38 IST" skipped="0">
  <testcase classname="TestNG.Annotations" name="verifyID" time="0.014"/>
  <system-out>
    <![CDATA[verify user id]]>
  </system-out>
</testsuite> <!-- TestNG.Annotations -->
