<?xml version="1.0" encoding="UTF-8"?>
<!-- Generated by org.testng.reporters.JUnitReportReporter -->
<testsuite hostname="DESKTOP-81PUDA5" failures="0" tests="5" name="TestNG.Flag" time="0.037" errors="0" timestamp="2022-09-14T15:16:40 IST" skipped="0">
  <testcase classname="TestNG.Flag" name="TC" time="0.009"/>
  <system-out>
    <![CDATA[running tc]]>
  </system-out>
  <testcase classname="TestNG.Flag" name="TC" time="0.003"/>
  <system-out>
    <![CDATA[running tc]]>
  </system-out>
  <testcase classname="TestNG.Flag" name="TC" time="0.017"/>
  <system-out>
    <![CDATA[running tc]]>
  </system-out>
  <testcase classname="TestNG.Flag" name="TC" time="0.004"/>
  <system-out>
    <![CDATA[running tc]]>
  </system-out>
  <testcase classname="TestNG.Flag" name="TC" time="0.004"/>
  <system-out>
    <![CDATA[running tc]]>
  </system-out>
</testsuite> <!-- TestNG.Flag -->
