<?xml version="1.0" encoding="UTF-8"?>
<!-- Generated by org.testng.reporters.JUnitReportReporter -->
<testsuite hostname="DESKTOP-81PUDA5" failures="0" tests="4" name="TestNG.Priority" time="0.020" errors="0" timestamp="2022-09-14T15:19:13 IST" skipped="1">
  <testcase classname="TestNG.Priority" name="TC3" time="0.015"/>
  <system-out>
    <![CDATA[how r u]]>
  </system-out>
  <testcase classname="TestNG.Priority" name="TC2" time="0.002"/>
  <system-out>
    <![CDATA[iam fine ]]>
  </system-out>
  <testcase classname="TestNG.Priority" name="TC1" time="0.003"/>
  <system-out>
    <![CDATA[good byee]]>
  </system-out>
  <testcase classname="TestNG.Priority" name="TC4">
    <skipped/>
  </testcase> <!-- TC4 -->
  <system-out/>
</testsuite> <!-- TestNG.Priority -->
