<?xml version="1.0" encoding="UTF-8"?>
<!-- Generated by org.testng.reporters.JUnitReportReporter -->
<testsuite hostname="DESKTOP-81PUDA5" failures="0" tests="3" name="TestNG.S3" time="0.009" errors="0" timestamp="2022-09-14T15:27:47 IST" skipped="0">
  <testcase classname="TestNG.S3" name="TC7" time="0.003"/>
  <system-out>
    <![CDATA[running tc7]]>
  </system-out>
  <testcase classname="TestNG.S3" name="TC8" time="0.003"/>
  <system-out>
    <![CDATA[running tc8]]>
  </system-out>
  <testcase classname="TestNG.S3" name="TC9" time="0.003"/>
  <system-out>
    <![CDATA[running tc9]]>
  </system-out>
</testsuite> <!-- TestNG.S3 -->
