<?xml version="1.0" encoding="UTF-8"?>
<!-- Generated by org.testng.reporters.JUnitReportReporter -->
<testsuite hostname="DESKTOP-81PUDA5" failures="0" tests="1" name="TestNG.NewTest" time="0.018" errors="0" timestamp="2022-09-14T14:13:57 IST" skipped="0">
  <testcase classname="TestNG.NewTest" name="TC" time="0.018"/>
  <system-out>
    <![CDATA[hiiii]]>
  </system-out>
</testsuite> <!-- TestNG.NewTest -->
