<?xml version="1.0" encoding="UTF-8"?>
<!-- Generated by org.testng.reporters.JUnitReportReporter -->
<testsuite hostname="DESKTOP-81PUDA5" failures="0" tests="3" name="TestNG.Disable_TC_using_keyword" time="0.020" errors="0" timestamp="2022-09-14T15:32:30 IST" skipped="1">
  <testcase classname="TestNG.Disable_TC_using_keyword" name="TC1" time="0.019"/>
  <system-out>
    <![CDATA[running tc1]]>
  </system-out>
  <testcase classname="TestNG.Disable_TC_using_keyword" name="TC2" time="0.001"/>
  <system-out>
    <![CDATA[running tc2]]>
  </system-out>
  <testcase classname="TestNG.Disable_TC_using_keyword" name="TC3">
    <skipped/>
  </testcase> <!-- TC3 -->
  <system-out/>
</testsuite> <!-- TestNG.Disable_TC_using_keyword -->
