<?xml version="1.0" encoding="UTF-8"?>
<!-- Generated by org.testng.reporters.JUnitReportReporter -->
<testsuite hostname="DESKTOP-81PUDA5" failures="0" tests="1" name="TestNG_Advantages.True" time="0.158" errors="0" timestamp="2022-09-15T17:11:38 IST" skipped="0">
  <testcase classname="TestNG_Advantages.True" name="TC3" time="0.158"/>
  <system-out>
    <![CDATA[running TC3]]>
  </system-out>
</testsuite> <!-- TestNG_Advantages.True -->
