<?xml version="1.0" encoding="UTF-8"?>
<!-- Generated by org.testng.reporters.JUnitReportReporter -->
<testsuite hostname="DESKTOP-81PUDA5" failures="0" tests="3" name="TestNG.S2" time="0.028" errors="0" timestamp="2022-09-14T15:27:47 IST" skipped="0">
  <testcase classname="TestNG.S2" name="TC5" time="0.002"/>
  <system-out>
    <![CDATA[running tc5]]>
  </system-out>
  <testcase classname="TestNG.S2" name="TC4" time="0.017"/>
  <system-out>
    <![CDATA[running tc4]]>
  </system-out>
  <testcase classname="TestNG.S2" name="TC6" time="0.009"/>
  <system-out>
    <![CDATA[running tc6]]>
  </system-out>
</testsuite> <!-- TestNG.S2 -->
