<?xml version="1.0" encoding="UTF-8"?>
<!-- Generated by org.testng.reporters.JUnitReportReporter -->
<testsuite hostname="DESKTOP-81PUDA5" failures="0" tests="1" name="TestNG.Timeout" time="0.022" errors="0" timestamp="2022-09-14T15:21:32 IST" skipped="0">
  <testcase classname="TestNG.Timeout" name="TC" time="0.022"/>
  <system-out>
    <![CDATA[Hii]]>
  </system-out>
</testsuite> <!-- TestNG.Timeout -->
