<?xml version="1.0" encoding="UTF-8"?>
<!-- Generated by org.testng.reporters.JUnitReportReporter -->
<testsuite hostname="DESKTOP-81PUDA5" failures="0" tests="1" name="TestNG.E2" time="0.019" errors="0" timestamp="2022-09-14T14:58:19 IST" skipped="0">
  <testcase classname="TestNG.E2" name="TC" time="0.019"/>
  <system-out>
    <![CDATA[Hello]]>
  </system-out>
</testsuite> <!-- TestNG.E2 -->
