<?xml version="1.0" encoding="UTF-8"?>
<!-- Generated by org.testng.reporters.JUnitReportReporter -->
<testsuite hostname="DESKTOP-81PUDA5" failures="0" tests="1" name="TestNG_Program.Class_A" time="13.121" errors="0" timestamp="2022-09-15T16:23:09 IST" skipped="0">
  <testcase classname="TestNG_Program.Class_A" name="TC1" time="13.121"/>
  <system-out/>
</testsuite> <!-- TestNG_Program.Class_A -->
