<?xml version="1.0" encoding="UTF-8"?>
<!-- Generated by org.testng.reporters.JUnitReportReporter -->
<testsuite hostname="DESKTOP-81PUDA5" failures="0" tests="1" name="TestNG_Advantages.False" time="0.164" errors="0" timestamp="2022-09-15T17:12:46 IST" skipped="0">
  <testcase classname="TestNG_Advantages.False" name="TC4" time="0.164"/>
  <system-out>
    <![CDATA[running TC4]]>
  </system-out>
</testsuite> <!-- TestNG_Advantages.False -->
