<?xml version="1.0" encoding="UTF-8"?>
<!-- Generated by org.testng.reporters.JUnitReportReporter -->
<testsuite hostname="DESKTOP-81PUDA5" failures="0" tests="2" name="TestNG.Disable_TC_using_suite" time="0.036" errors="0" timestamp="2022-09-14T15:45:23 IST" skipped="0">
  <testcase classname="TestNG.Disable_TC_using_suite" name="TC1" time="0.031"/>
  <system-out>
    <![CDATA[running tc1]]>
  </system-out>
  <testcase classname="TestNG.Disable_TC_using_suite" name="TC2" time="0.005"/>
  <system-out>
    <![CDATA[running tc2]]>
  </system-out>
</testsuite> <!-- TestNG.Disable_TC_using_suite -->
