<?xml version="1.0" encoding="UTF-8"?>
<!-- Generated by org.testng.reporters.JUnitReportReporter -->
<testsuite hostname="DESKTOP-81PUDA5" failures="0" tests="1" name="TestNG.emuable" time="0.015" errors="0" timestamp="2022-09-14T14:53:18 IST" skipped="0">
  <testcase classname="TestNG.emuable" name="TC" time="0.015"/>
  <system-out>
    <![CDATA[HII]]>
  </system-out>
</testsuite> <!-- TestNG.emuable -->
